<?xml version="1.0" encoding="UTF-8"?>
<!-- Generated by org.testng.reporters.JUnitReportReporter -->
<testsuite skipped="0" hostname="DESKTOP-58DHS7N" name="ameriStudent.test.Test1" tests="1" failures="0" timestamp="14 Jun 2018 19:46:37 GMT" time="1.980" errors="0">
  <testcase name="testRegister" time="1.980" classname="ameriStudent.test.Test1"/>
</testsuite> <!-- ameriStudent.test.Test1 -->
