<?xml version="1.0" encoding="UTF-8"?>
<!-- Generated by org.testng.reporters.JUnitReportReporter -->
<testsuite skipped="0" hostname="DESKTOP-58DHS7N" name="com.stm.test.RegistrationTest" tests="1" failures="0" timestamp="14 Jun 2018 18:39:26 GMT" time="5.301" errors="0">
  <testcase name="testRegister" time="5.301" classname="com.stm.test.RegistrationTest"/>
</testsuite> <!-- com.stm.test.RegistrationTest -->
