<?xml version="1.0" encoding="UTF-8"?>
<!-- Generated by org.testng.reporters.JUnitReportReporter -->
<testsuite skipped="0" hostname="DESKTOP-58DHS7N" name="ameriStudent.test.Navigation" tests="1" failures="0" timestamp="15 Jun 2018 22:04:06 GMT" time="2.976" errors="0">
  <testcase name="createFamily" time="2.976" classname="ameriStudent.test.Navigation"/>
</testsuite> <!-- ameriStudent.test.Navigation -->
