<?xml version="1.0" encoding="UTF-8"?>
<!-- Generated by org.testng.reporters.JUnitReportReporter -->
<testsuite skipped="0" hostname="DESKTOP-58DHS7N" name="ameriStudent.test.Navigation" tests="1" failures="0" timestamp="02 Jul 2018 21:09:59 GMT" time="3.466" errors="0">
  <testcase name="createFamily" time="3.466" classname="ameriStudent.test.Navigation"/>
</testsuite> <!-- ameriStudent.test.Navigation -->
